<?xml version="1.0" encoding="UTF-8"?>
<testsuite name="ohtu.intjoukkosovellus.JoukkoOperaatiotTest" tests="3" skipped="0" failures="0" errors="0" timestamp="2019-11-19T13:58:41" hostname="fuxi16" time="0.01">
  <properties/>
  <testcase name="testLeikkaus" classname="ohtu.intjoukkosovellus.JoukkoOperaatiotTest" time="0.0"/>
  <testcase name="testYhdiste" classname="ohtu.intjoukkosovellus.JoukkoOperaatiotTest" time="0.001"/>
  <testcase name="testErotus" classname="ohtu.intjoukkosovellus.JoukkoOperaatiotTest" time="0.009"/>
  <system-out><![CDATA[vastaus: [I@101fb571
]]></system-out>
  <system-err><![CDATA[]]></system-err>
</testsuite>
