<?xml version="1.0" encoding="UTF-8"?>
<testsuite name="ohtu.matkakortti.KassapaateTest" tests="4" skipped="0" failures="0" errors="0" timestamp="2019-11-19T12:29:33" hostname="fuxi16" time="0.428">
  <properties/>
  <testcase name="kortilleEiVoiLadataNegatiivistaMaaraa" classname="ohtu.matkakortti.KassapaateTest" time="0.417"/>
  <testcase name="kortinLatausToimiiPositiivisellaMaaralla" classname="ohtu.matkakortti.KassapaateTest" time="0.004"/>
  <testcase name="kortiltaVelotetaanHintaJosRahaaOn" classname="ohtu.matkakortti.KassapaateTest" time="0.005"/>
  <testcase name="kortiltaEiVelotetaJosRahaEiRiita" classname="ohtu.matkakortti.KassapaateTest" time="0.002"/>
  <system-out><![CDATA[]]></system-out>
  <system-err><![CDATA[]]></system-err>
</testsuite>
